app/build/intermediates/manifest_merge_blame_file/debug/manifest-merger-blame-debug-report.txt
1<?xml version="1.0" encoding="utf-8"?>
2<manifest xmlns:android="http://schemas.android.com/apk/res/android"
3    package="com.islandmatch.yardvibes.debug"
4    android:versionCode="1"
5    android:versionName="0.1.0-debug" >
6
7    <uses-sdk
8        android:minSdkVersion="26"
9        android:targetSdkVersion="34" />
10
11    <application
11-->src\main\AndroidManifest.xml:4:5-21:19
12        android:allowBackup="true"
12-->src\main\AndroidManifest.xml:5:9-35
13        android:debuggable="true"
14        android:extractNativeLibs="false"
15        android:icon="@drawable/ic_launcher"
15-->src\main\AndroidManifest.xml:6:9-45
16        android:label="@string/app_name"
16-->src\main\AndroidManifest.xml:7:9-41
17        android:roundIcon="@drawable/ic_launcher"
17-->src\main\AndroidManifest.xml:8:9-50
18        android:supportsRtl="true"
18-->src\main\AndroidManifest.xml:9:9-35
19        android:theme="@android:style/Theme.Material.Light.NoActionBar" >
19-->src\main\AndroidManifest.xml:10:9-72
20        <activity
20-->src\main\AndroidManifest.xml:11:9-20:20
21            android:name="com.islandmatch.yardvibes.MainActivity"
21-->src\main\AndroidManifest.xml:12:13-41
22            android:exported="true"
22-->src\main\AndroidManifest.xml:13:13-36
23            android:screenOrientation="portrait" >
23-->src\main\AndroidManifest.xml:14:13-49
24            <intent-filter>
24-->src\main\AndroidManifest.xml:15:13-19:29
25                <action android:name="android.intent.action.MAIN" />
25-->src\main\AndroidManifest.xml:16:17-69
25-->src\main\AndroidManifest.xml:16:25-66
26
27                <category android:name="android.intent.category.LAUNCHER" />
27-->src\main\AndroidManifest.xml:18:17-77
27-->src\main\AndroidManifest.xml:18:27-74
28            </intent-filter>
29        </activity>
30    </application>
31
32</manifest>